<?xml version="1.0" encoding="UTF-8"?>
<testng-results skipped="0" failed="1" ignored="0" total="9" passed="8">
  <reporter-output>
  </reporter-output>
  <suite name="Command line suite" duration-ms="65339" started-at="2020-11-03T14:49:03Z" finished-at="2020-11-03T14:50:08Z">
    <groups>
      <group name="leave">
        <method signature="GroupTest.leavemodule1()[pri:0, instance:com.orangehrmlive.GroupTest@1a407d53]" name="leavemodule1" class="com.orangehrmlive.GroupTest"/>
        <method signature="GroupTest.leavemodule2()[pri:0, instance:com.orangehrmlive.GroupTest@1a407d53]" name="leavemodule2" class="com.orangehrmlive.GroupTest"/>
      </group> <!-- leave -->
      <group name="Admin">
        <method signature="GroupTest.adminmodule1()[pri:0, instance:com.orangehrmlive.GroupTest@1a407d53]" name="adminmodule1" class="com.orangehrmlive.GroupTest"/>
        <method signature="GroupTest.adminmodule2()[pri:0, instance:com.orangehrmlive.GroupTest@1a407d53]" name="adminmodule2" class="com.orangehrmlive.GroupTest"/>
      </group> <!-- Admin -->
    </groups>
    <test name="Command line test" duration-ms="65339" started-at="2020-11-03T14:49:03Z" finished-at="2020-11-03T14:50:08Z">
      <class name="com.orangehrmlive.GroupTest">
        <test-method status="PASS" signature="beforeAdminGroup()[pri:0, instance:com.orangehrmlive.GroupTest@1a407d53]" name="beforeAdminGroup" is-config="true" duration-ms="0" started-at="2020-11-03T14:49:33Z" finished-at="2020-11-03T14:49:33Z">
          <reporter-output>
          </reporter-output>
        </test-method> <!-- beforeAdminGroup -->
        <test-method status="PASS" signature="adminmodule1()[pri:0, instance:com.orangehrmlive.GroupTest@1a407d53]" name="adminmodule1" duration-ms="0" started-at="2020-11-03T14:49:33Z" finished-at="2020-11-03T14:49:33Z">
          <reporter-output>
          </reporter-output>
        </test-method> <!-- adminmodule1 -->
        <test-method status="PASS" signature="beforeleaveGroup()[pri:0, instance:com.orangehrmlive.GroupTest@1a407d53]" name="beforeleaveGroup" is-config="true" duration-ms="1" started-at="2020-11-03T14:49:33Z" finished-at="2020-11-03T14:49:33Z">
          <reporter-output>
          </reporter-output>
        </test-method> <!-- beforeleaveGroup -->
        <test-method status="PASS" signature="adminmodule2()[pri:0, instance:com.orangehrmlive.GroupTest@1a407d53]" name="adminmodule2" duration-ms="0" started-at="2020-11-03T14:49:33Z" finished-at="2020-11-03T14:49:33Z">
          <reporter-output>
          </reporter-output>
        </test-method> <!-- adminmodule2 -->
        <test-method status="PASS" signature="leavemodule2()[pri:0, instance:com.orangehrmlive.GroupTest@1a407d53]" name="leavemodule2" duration-ms="1" started-at="2020-11-03T14:49:33Z" finished-at="2020-11-03T14:49:33Z">
          <reporter-output>
          </reporter-output>
        </test-method> <!-- leavemodule2 -->
        <test-method status="PASS" signature="leavemodule1()[pri:0, instance:com.orangehrmlive.GroupTest@1a407d53]" name="leavemodule1" duration-ms="0" started-at="2020-11-03T14:49:33Z" finished-at="2020-11-03T14:49:33Z">
          <reporter-output>
          </reporter-output>
        </test-method> <!-- leavemodule1 -->
      </class> <!-- com.orangehrmlive.GroupTest -->
      <class name="com.orangehrmlive.DataProviderTest">
        <test-method status="PASS" signature="f(java.lang.String, java.lang.String)[pri:0, instance:com.orangehrmlive.DataProviderTest@3498ed]" name="f" duration-ms="14222" started-at="2020-11-03T14:49:03Z" data-provider="dpTest" finished-at="2020-11-03T14:49:17Z">
          <params>
            <param index="0">
              <value>
                <![CDATA[test]]>
              </value>
            </param>
            <param index="1">
              <value>
                <![CDATA[test123]]>
              </value>
            </param>
          </params>
          <reporter-output>
          </reporter-output>
        </test-method> <!-- f -->
        <test-method status="PASS" signature="f(java.lang.String, java.lang.String)[pri:0, instance:com.orangehrmlive.DataProviderTest@3498ed]" name="f" duration-ms="16436" started-at="2020-11-03T14:49:17Z" data-provider="dpTest" finished-at="2020-11-03T14:49:33Z">
          <params>
            <param index="0">
              <value>
                <![CDATA[Admin]]>
              </value>
            </param>
            <param index="1">
              <value>
                <![CDATA[admin123]]>
              </value>
            </param>
          </params>
          <reporter-output>
          </reporter-output>
        </test-method> <!-- f -->
      </class> <!-- com.orangehrmlive.DataProviderTest -->
      <class name="com.orangehrmlive.XmlTest">
        <test-method status="FAIL" signature="paratest(java.lang.String, java.lang.String)[pri:0, instance:com.orangehrmlive.XmlTest@5ebec15]" name="paratest" duration-ms="0" started-at="2020-11-03T14:50:08Z" finished-at="2020-11-03T14:50:08Z">
          <exception class="org.testng.TestNGException">
            <message>
              <![CDATA[
Parameter 'uname' is required by @Test on method paratest but has not been marked @Optional or defined
]]>
            </message>
            <full-stacktrace>
              <![CDATA[org.testng.TestNGException: 
Parameter 'uname' is required by @Test on method paratest but has not been marked @Optional or defined

at org.testng.internal.Parameters.createParams(Parameters.java:290)
at org.testng.internal.Parameters.createParametersForMethod(Parameters.java:359)
at org.testng.internal.Parameters.createParameters(Parameters.java:620)
at org.testng.internal.Parameters.handleParameters(Parameters.java:769)
at org.testng.internal.ParameterHandler.handleParameters(ParameterHandler.java:49)
at org.testng.internal.ParameterHandler.createParameters(ParameterHandler.java:37)
at org.testng.internal.Invoker.invokeTestMethods(Invoker.java:924)
at org.testng.internal.TestMethodWorker.invokeTestMethods(TestMethodWorker.java:125)
at org.testng.internal.TestMethodWorker.run(TestMethodWorker.java:109)
at org.testng.TestRunner.privateRun(TestRunner.java:648)
at org.testng.TestRunner.run(TestRunner.java:505)
at org.testng.SuiteRunner.runTest(SuiteRunner.java:455)
at org.testng.SuiteRunner.runSequentially(SuiteRunner.java:450)
at org.testng.SuiteRunner.privateRun(SuiteRunner.java:415)
at org.testng.SuiteRunner.run(SuiteRunner.java:364)
at org.testng.SuiteRunnerWorker.runSuite(SuiteRunnerWorker.java:52)
at org.testng.SuiteRunnerWorker.run(SuiteRunnerWorker.java:84)
at org.testng.TestNG.runSuitesSequentially(TestNG.java:1208)
at org.testng.TestNG.runSuitesLocally(TestNG.java:1137)
at org.testng.TestNG.runSuites(TestNG.java:1049)
at org.testng.TestNG.run(TestNG.java:1017)
at org.apache.maven.surefire.testng.TestNGExecutor.run(TestNGExecutor.java:77)
at org.apache.maven.surefire.testng.TestNGDirectoryTestSuite.executeMulti(TestNGDirectoryTestSuite.java:159)
at org.apache.maven.surefire.testng.TestNGDirectoryTestSuite.execute(TestNGDirectoryTestSuite.java:99)
at org.apache.maven.surefire.testng.TestNGProvider.invoke(TestNGProvider.java:106)
at sun.reflect.NativeMethodAccessorImpl.invoke0(Native Method)
at sun.reflect.NativeMethodAccessorImpl.invoke(NativeMethodAccessorImpl.java:62)
at sun.reflect.DelegatingMethodAccessorImpl.invoke(DelegatingMethodAccessorImpl.java:43)
at java.lang.reflect.Method.invoke(Method.java:498)
at org.apache.maven.surefire.util.ReflectionUtils.invokeMethodWithArray(ReflectionUtils.java:189)
at org.apache.maven.surefire.booter.ProviderFactory$ProviderProxy.invoke(ProviderFactory.java:165)
at org.apache.maven.surefire.booter.ProviderFactory.invokeProvider(ProviderFactory.java:85)
at org.apache.maven.surefire.booter.ForkedBooter.runSuitesInProcess(ForkedBooter.java:115)
at org.apache.maven.surefire.booter.ForkedBooter.main(ForkedBooter.java:75)
]]>
            </full-stacktrace>
          </exception> <!-- org.testng.TestNGException -->
          <reporter-output>
          </reporter-output>
        </test-method> <!-- paratest -->
      </class> <!-- com.orangehrmlive.XmlTest -->
      <class name="com.orangehrmlive.TestNGDemo">
        <test-method status="PASS" signature="openBrowser()[pri:0, instance:com.orangehrmlive.TestNGDemo@3d8c7aca]" name="openBrowser" is-config="true" duration-ms="13434" started-at="2020-11-03T14:49:33Z" finished-at="2020-11-03T14:49:47Z">
          <reporter-output>
          </reporter-output>
        </test-method> <!-- openBrowser -->
        <test-method status="PASS" signature="login()[pri:0, instance:com.orangehrmlive.TestNGDemo@3d8c7aca]" name="login" is-config="true" duration-ms="11193" started-at="2020-11-03T14:49:47Z" finished-at="2020-11-03T14:49:58Z">
          <reporter-output>
          </reporter-output>
        </test-method> <!-- login -->
        <test-method status="PASS" signature="adminTest()[pri:0, instance:com.orangehrmlive.TestNGDemo@3d8c7aca]" name="adminTest" duration-ms="1666" started-at="2020-11-03T14:49:58Z" finished-at="2020-11-03T14:50:00Z">
          <reporter-output>
          </reporter-output>
        </test-method> <!-- adminTest -->
        <test-method status="PASS" signature="logout()[pri:0, instance:com.orangehrmlive.TestNGDemo@3d8c7aca]" name="logout" is-config="true" duration-ms="1557" started-at="2020-11-03T14:50:00Z" finished-at="2020-11-03T14:50:01Z">
          <reporter-output>
          </reporter-output>
        </test-method> <!-- logout -->
        <test-method status="PASS" signature="login()[pri:0, instance:com.orangehrmlive.TestNGDemo@3d8c7aca]" name="login" is-config="true" duration-ms="2057" started-at="2020-11-03T14:50:01Z" finished-at="2020-11-03T14:50:03Z">
          <reporter-output>
          </reporter-output>
        </test-method> <!-- login -->
        <test-method status="PASS" signature="leaveTest()[pri:0, instance:com.orangehrmlive.TestNGDemo@3d8c7aca]" name="leaveTest" duration-ms="3194" started-at="2020-11-03T14:50:03Z" finished-at="2020-11-03T14:50:06Z">
          <reporter-output>
          </reporter-output>
        </test-method> <!-- leaveTest -->
        <test-method status="PASS" signature="logout()[pri:0, instance:com.orangehrmlive.TestNGDemo@3d8c7aca]" name="logout" is-config="true" duration-ms="1134" started-at="2020-11-03T14:50:06Z" finished-at="2020-11-03T14:50:08Z">
          <reporter-output>
          </reporter-output>
        </test-method> <!-- logout -->
        <test-method status="PASS" signature="closeBrowser()[pri:0, instance:com.orangehrmlive.TestNGDemo@3d8c7aca]" name="closeBrowser" is-config="true" duration-ms="310" started-at="2020-11-03T14:50:08Z" finished-at="2020-11-03T14:50:08Z">
          <reporter-output>
          </reporter-output>
        </test-method> <!-- closeBrowser -->
      </class> <!-- com.orangehrmlive.TestNGDemo -->
    </test> <!-- Command line test -->
  </suite> <!-- Command line suite -->
</testng-results>
